<?xml version="1.0" encoding="UTF-8"?>
<!-- Generated by org.testng.reporters.JUnitReportReporter -->
<testsuite hostname="DESKTOP-ISJJ0J4" failures="0" tests="1" name="stepdef.TestRunner" time="32.199" errors="0" timestamp="2024-02-18T22:16:03 IST" skipped="0">
  <testcase classname="stepdef.TestRunner" name="runScenario" time="32.199"/>
  <system-out/>
</testsuite> <!-- stepdef.TestRunner -->
