<?xml version="1.0" encoding="UTF-8"?>
<!-- Generated by org.testng.reporters.JUnitReportReporter -->
<testsuite hostname="DESKTOP-ISJJ0J4" failures="0" tests="1" name="stepdef.TestRunner" time="30.615" errors="0" timestamp="2024-02-19T00:28:33 IST" skipped="0">
  <testcase classname="stepdef.TestRunner" name="runScenario" time="30.615"/>
  <system-out/>
</testsuite> <!-- stepdef.TestRunner -->
